2026-05-18 07:05:38,820 INFO o.a.j.u.JMeterUtils: Setting Locale to en_EN
2026-05-18 07:05:39,156 INFO o.a.j.JMeter: Loading user properties from: D:\BIN\Software testing\apache-jmeter-5.6.3\apache-jmeter-5.6.3\bin\user.properties
2026-05-18 07:05:39,254 INFO o.a.j.JMeter: Loading system properties from: D:\BIN\Software testing\apache-jmeter-5.6.3\apache-jmeter-5.6.3\bin\system.properties
2026-05-18 07:05:39,281 INFO o.a.j.JMeter: Copyright (c) 1998-2024 The Apache Software Foundation
2026-05-18 07:05:39,282 INFO o.a.j.JMeter: Version 5.6.3
2026-05-18 07:05:39,282 INFO o.a.j.JMeter: java.version=21.0.9
2026-05-18 07:05:39,283 INFO o.a.j.JMeter: java.vm.name=Java HotSpot(TM) 64-Bit Server VM
2026-05-18 07:05:39,283 INFO o.a.j.JMeter: os.name=Windows 11
2026-05-18 07:05:39,283 INFO o.a.j.JMeter: os.arch=amd64
2026-05-18 07:05:39,284 INFO o.a.j.JMeter: os.version=10.0
2026-05-18 07:05:39,285 INFO o.a.j.JMeter: file.encoding=UTF-8
2026-05-18 07:05:39,285 INFO o.a.j.JMeter: java.awt.headless=true
2026-05-18 07:05:39,286 INFO o.a.j.JMeter: Max memory     =1073741824
2026-05-18 07:05:39,286 INFO o.a.j.JMeter: Available Processors =3
2026-05-18 07:05:39,335 INFO o.a.j.JMeter: Default Locale=English (EN)
2026-05-18 07:05:39,336 INFO o.a.j.JMeter: JMeter  Locale=English (EN)
2026-05-18 07:05:39,336 INFO o.a.j.JMeter: JMeterHome=D:\BIN\Software testing\apache-jmeter-5.6.3\apache-jmeter-5.6.3
2026-05-18 07:05:39,336 INFO o.a.j.JMeter: user.dir  =D:\BIN\Enterprise Apps\course_project\Enterprise-Project\documents
2026-05-18 07:05:39,337 INFO o.a.j.JMeter: PWD       =D:\BIN\Enterprise Apps\course_project\Enterprise-Project\documents
2026-05-18 07:05:39,359 INFO o.a.j.JMeter: IP: 192.168.80.1 Name: DESKTOP-0PAQSOU FullName: DESKTOP-0PAQSOU
2026-05-18 07:05:39,517 INFO o.a.j.JMeter: Setting property 'jmeter.reportgenerator.outputdir' to:'D:\BIN\Enterprise Apps\course_project\Enterprise-Project\documents\.\report'
2026-05-18 07:05:39,570 INFO o.a.j.s.FileServer: Default base='D:\BIN\Enterprise Apps\course_project\Enterprise-Project\documents'
2026-05-18 07:05:39,575 INFO o.a.j.s.FileServer: Set new base='D:\BIN\Enterprise Apps\course_project\Enterprise-Project\documents'
2026-05-18 07:05:43,500 INFO o.a.j.s.SaveService: Testplan (JMX) version: 2.2. Testlog (JTL) version: 2.2
2026-05-18 07:05:43,997 INFO o.a.j.s.SaveService: Using SaveService properties version 5.0
2026-05-18 07:05:44,005 INFO o.a.j.s.SaveService: Using SaveService properties file encoding UTF-8
2026-05-18 07:05:44,020 INFO o.a.j.s.SaveService: Loading file: workhub_load_test_2.jmx
2026-05-18 07:05:44,498 INFO o.a.j.p.h.s.HTTPSamplerBase: Parser for text/html is org.apache.jmeter.protocol.http.parser.LagartoBasedHtmlParser
2026-05-18 07:05:44,498 INFO o.a.j.p.h.s.HTTPSamplerBase: Parser for application/xhtml+xml is org.apache.jmeter.protocol.http.parser.LagartoBasedHtmlParser
2026-05-18 07:05:44,498 INFO o.a.j.p.h.s.HTTPSamplerBase: Parser for application/xml is org.apache.jmeter.protocol.http.parser.LagartoBasedHtmlParser
2026-05-18 07:05:44,499 INFO o.a.j.p.h.s.HTTPSamplerBase: Parser for text/xml is org.apache.jmeter.protocol.http.parser.LagartoBasedHtmlParser
2026-05-18 07:05:44,499 INFO o.a.j.p.h.s.HTTPSamplerBase: Parser for text/vnd.wap.wml is org.apache.jmeter.protocol.http.parser.RegexpHTMLParser
2026-05-18 07:05:44,499 INFO o.a.j.p.h.s.HTTPSamplerBase: Parser for text/css is org.apache.jmeter.protocol.http.parser.CssParser
2026-05-18 07:05:44,779 INFO o.a.j.JMeter: Creating summariser <summary>
2026-05-18 07:05:44,801 INFO o.a.j.r.d.ReportGenerator: ReportGenerator will use for Parsing the separator: ','
2026-05-18 07:05:44,803 INFO o.a.j.r.d.ReportGenerator: Will generate report at end of test from  results file: results.jtl
2026-05-18 07:05:44,803 INFO o.a.j.r.d.ReportGenerator: Reading report generator properties from: D:\BIN\Software testing\apache-jmeter-5.6.3\apache-jmeter-5.6.3\bin\reportgenerator.properties
2026-05-18 07:05:44,842 INFO o.a.j.r.d.ReportGenerator: Merging with JMeter properties
2026-05-18 07:05:44,893 INFO o.a.j.r.c.ReportGeneratorConfiguration: Property 'jmeter.reportgenerator.temp_dir' not found, using default value 'temp' instead.
2026-05-18 07:05:44,898 INFO o.a.j.r.c.ReportGeneratorConfiguration: Property 'jmeter.reportgenerator.apdex_per_transaction' not found, using default value 'null' instead.
2026-05-18 07:05:44,898 INFO o.a.j.r.c.ReportGeneratorConfiguration: apdex_per_transaction is empty, not APDEX per transaction customization
2026-05-18 07:05:44,898 INFO o.a.j.r.c.ReportGeneratorConfiguration: Property 'jmeter.reportgenerator.sample_filter' not found, using default value 'null' instead.
2026-05-18 07:05:44,899 INFO o.a.j.r.c.ReportGeneratorConfiguration: Property 'jmeter.reportgenerator.report_title' not found, using default value 'null' instead.
2026-05-18 07:05:44,899 INFO o.a.j.r.c.ReportGeneratorConfiguration: Property 'jmeter.reportgenerator.start_date' not found, using default value 'null' instead.
2026-05-18 07:05:44,899 INFO o.a.j.r.c.ReportGeneratorConfiguration: Property 'jmeter.reportgenerator.end_date' not found, using default value 'null' instead.
2026-05-18 07:05:44,899 INFO o.a.j.r.c.ReportGeneratorConfiguration: Property 'jmeter.reportgenerator.date_format' not found, using default value 'null' instead.
2026-05-18 07:05:44,899 INFO o.a.j.r.c.ReportGeneratorConfiguration: Will use date range start date: null, end date: null
2026-05-18 07:05:44,915 INFO o.a.j.r.c.ReportGeneratorConfiguration: Property 'jmeter.reportgenerator.graph.totalTPS.exclude_controllers' not found, using default value 'false' instead.
2026-05-18 07:05:44,916 INFO o.a.j.r.c.ReportGeneratorConfiguration: Property 'jmeter.reportgenerator.graph.activeThreadsOverTime.exclude_controllers' not found, using default value 'false' instead.
2026-05-18 07:05:44,916 INFO o.a.j.r.c.ReportGeneratorConfiguration: Property 'jmeter.reportgenerator.graph.timeVsThreads.exclude_controllers' not found, using default value 'false' instead.
2026-05-18 07:05:44,916 INFO o.a.j.r.c.ReportGeneratorConfiguration: Property 'jmeter.reportgenerator.graph.responseTimeDistribution.exclude_controllers' not found, using default value 'false' instead.
2026-05-18 07:05:44,916 INFO o.a.j.r.c.ReportGeneratorConfiguration: Property 'jmeter.reportgenerator.graph.transactionsPerSecond.exclude_controllers' not found, using default value 'false' instead.
2026-05-18 07:05:44,917 INFO o.a.j.r.c.ReportGeneratorConfiguration: Property 'jmeter.reportgenerator.graph.responseTimePercentiles.exclude_controllers' not found, using default value 'false' instead.
2026-05-18 07:05:44,917 INFO o.a.j.r.c.ReportGeneratorConfiguration: Property 'jmeter.reportgenerator.graph.responseTimePercentilesOverTime.exclude_controllers' not found, using default value 'false' instead.
2026-05-18 07:05:44,917 INFO o.a.j.r.c.ReportGeneratorConfiguration: Property 'jmeter.reportgenerator.graph.responseTimesOverTime.exclude_controllers' not found, using default value 'false' instead.
2026-05-18 07:05:44,920 INFO o.a.j.r.c.ReportGeneratorConfiguration: Property 'jmeter.reportgenerator.graph.connectTimeOverTime.exclude_controllers' not found, using default value 'false' instead.
2026-05-18 07:05:44,920 INFO o.a.j.r.c.ReportGeneratorConfiguration: Property 'jmeter.reportgenerator.graph.latenciesOverTime.exclude_controllers' not found, using default value 'false' instead.
2026-05-18 07:05:44,924 INFO o.a.j.r.c.ReportGeneratorConfiguration: Property 'jmeter.reportgenerator.exporter.json.filters_only_sample_series' not found, using default value 'true' instead.
2026-05-18 07:05:44,924 INFO o.a.j.r.c.ReportGeneratorConfiguration: Property 'jmeter.reportgenerator.exporter.json.series_filter' not found, using default value '' instead.
2026-05-18 07:05:44,924 INFO o.a.j.r.c.ReportGeneratorConfiguration: Property 'jmeter.reportgenerator.exporter.json.show_controllers_only' not found, using default value 'false' instead.
2026-05-18 07:05:44,926 INFO o.a.j.r.c.ReportGeneratorConfiguration: Property 'jmeter.reportgenerator.exporter.html.filters_only_sample_series' not found, using default value 'true' instead.
2026-05-18 07:05:44,927 INFO o.a.j.r.c.ReportGeneratorConfiguration: Property 'jmeter.reportgenerator.exporter.html.series_filter' not found, using default value '' instead.
2026-05-18 07:05:44,927 INFO o.a.j.r.c.ReportGeneratorConfiguration: Property 'jmeter.reportgenerator.exporter.html.show_controllers_only' not found, using default value 'false' instead.
2026-05-18 07:05:45,013 INFO o.a.j.e.StandardJMeterEngine: Running the test!
2026-05-18 07:05:45,016 INFO o.a.j.s.SampleEvent: List of sample_variables: []
2026-05-18 07:05:45,016 INFO o.a.j.s.SampleEvent: List of sample_variables: []
2026-05-18 07:05:45,031 INFO o.a.j.e.u.CompoundVariable: Note: Function class names must contain the string: '.functions.'
2026-05-18 07:05:45,031 INFO o.a.j.e.u.CompoundVariable: Note: Function class names must not contain the string: '.gui.'
2026-05-18 07:05:45,646 INFO o.a.j.JMeter: Running test (1779077145646)
2026-05-18 07:05:45,716 INFO o.a.j.e.StandardJMeterEngine: Starting ThreadGroup: 1 : WorkHub Virtual Users Thread Group
2026-05-18 07:05:45,716 INFO o.a.j.e.StandardJMeterEngine: Starting 100 threads for group WorkHub Virtual Users Thread Group.
2026-05-18 07:05:45,717 INFO o.a.j.e.StandardJMeterEngine: Thread will continue on error
2026-05-18 07:05:45,717 INFO o.a.j.t.ThreadGroup: Starting thread group... number=1 threads=100 ramp-up=10 delayedStart=false
2026-05-18 07:05:45,859 INFO o.a.j.t.JMeterThread: Thread started: WorkHub Virtual Users Thread Group 1-1
2026-05-18 07:05:46,055 INFO o.a.j.p.h.s.HTTPHCAbstractImpl: Local host = DESKTOP-0PAQSOU
2026-05-18 07:05:45,949 INFO o.a.j.t.JMeterThread: Thread started: WorkHub Virtual Users Thread Group 1-2
2026-05-18 07:05:46,178 INFO o.a.j.t.JMeterThread: Thread started: WorkHub Virtual Users Thread Group 1-3
2026-05-18 07:05:46,225 INFO o.a.j.t.JMeterThread: Thread started: WorkHub Virtual Users Thread Group 1-4
2026-05-18 07:05:46,262 INFO o.a.j.t.JMeterThread: Thread started: WorkHub Virtual Users Thread Group 1-5
2026-05-18 07:05:46,338 INFO o.a.j.t.JMeterThread: Thread started: WorkHub Virtual Users Thread Group 1-6
2026-05-18 07:05:46,383 INFO o.a.j.p.h.s.HTTPHC4Impl: HTTP request retry count = 0
2026-05-18 07:05:46,389 INFO o.a.j.s.SampleResult: Note: Sample TimeStamps are START times
2026-05-18 07:05:46,389 INFO o.a.j.s.SampleResult: sampleresult.default.encoding is set to UTF-8
2026-05-18 07:05:46,390 INFO o.a.j.s.SampleResult: sampleresult.useNanoTime=true
2026-05-18 07:05:46,391 INFO o.a.j.s.SampleResult: sampleresult.nanoThreadSleep=5000
2026-05-18 07:05:46,476 INFO o.a.j.t.JMeterThread: Thread started: WorkHub Virtual Users Thread Group 1-7
2026-05-18 07:05:46,578 INFO o.a.j.t.JMeterThread: Thread started: WorkHub Virtual Users Thread Group 1-8
2026-05-18 07:05:46,665 INFO o.a.j.t.JMeterThread: Thread started: WorkHub Virtual Users Thread Group 1-9
2026-05-18 07:05:46,763 INFO o.a.j.t.JMeterThread: Thread started: WorkHub Virtual Users Thread Group 1-10
2026-05-18 07:05:47,110 INFO o.a.j.t.JMeterThread: Thread started: WorkHub Virtual Users Thread Group 1-11
2026-05-18 07:05:47,316 INFO o.a.j.t.JMeterThread: Thread started: WorkHub Virtual Users Thread Group 1-12
2026-05-18 07:05:47,334 INFO o.a.j.t.JMeterThread: Thread started: WorkHub Virtual Users Thread Group 1-13
2026-05-18 07:05:47,384 INFO o.a.j.t.JMeterThread: Thread started: WorkHub Virtual Users Thread Group 1-14
2026-05-18 07:05:47,462 INFO o.a.j.t.JMeterThread: Thread started: WorkHub Virtual Users Thread Group 1-16
2026-05-18 07:05:47,461 INFO o.a.j.t.JMeterThread: Thread started: WorkHub Virtual Users Thread Group 1-15
2026-05-18 07:05:47,780 INFO o.a.j.t.JMeterThread: Thread started: WorkHub Virtual Users Thread Group 1-17
2026-05-18 07:05:47,781 INFO o.a.j.t.JMeterThread: Thread started: WorkHub Virtual Users Thread Group 1-18
2026-05-18 07:05:47,787 INFO o.a.j.t.JMeterThread: Thread started: WorkHub Virtual Users Thread Group 1-19
2026-05-18 07:05:47,834 INFO o.a.j.t.ThreadGroup: Started thread group number 1
2026-05-18 07:05:47,837 INFO o.a.j.e.StandardJMeterEngine: All thread groups have been started
2026-05-18 07:05:47,929 INFO o.a.j.t.JMeterThread: Thread started: WorkHub Virtual Users Thread Group 1-20
2026-05-18 07:05:47,992 INFO o.a.j.t.JMeterThread: Thread started: WorkHub Virtual Users Thread Group 1-21
2026-05-18 07:05:48,139 INFO o.a.j.t.JMeterThread: Thread started: WorkHub Virtual Users Thread Group 1-22
2026-05-18 07:05:48,230 INFO o.a.j.t.JMeterThread: Thread started: WorkHub Virtual Users Thread Group 1-23
2026-05-18 07:05:48,275 INFO o.a.j.t.JMeterThread: Thread started: WorkHub Virtual Users Thread Group 1-24
2026-05-18 07:05:48,356 INFO o.a.j.t.JMeterThread: Thread started: WorkHub Virtual Users Thread Group 1-25
2026-05-18 07:05:48,477 INFO o.a.j.t.JMeterThread: Thread started: WorkHub Virtual Users Thread Group 1-26
2026-05-18 07:05:48,717 INFO o.a.j.t.JMeterThread: Thread started: WorkHub Virtual Users Thread Group 1-28
2026-05-18 07:05:48,895 INFO o.a.j.t.JMeterThread: Thread started: WorkHub Virtual Users Thread Group 1-31
2026-05-18 07:05:48,898 INFO o.a.j.t.JMeterThread: Thread started: WorkHub Virtual Users Thread Group 1-27
2026-05-18 07:05:48,914 INFO o.a.j.t.JMeterThread: Thread started: WorkHub Virtual Users Thread Group 1-29
2026-05-18 07:05:48,925 INFO o.a.j.t.JMeterThread: Thread started: WorkHub Virtual Users Thread Group 1-30
2026-05-18 07:05:48,946 INFO o.a.j.t.JMeterThread: Thread started: WorkHub Virtual Users Thread Group 1-32
2026-05-18 07:05:49,045 INFO o.a.j.t.JMeterThread: Thread started: WorkHub Virtual Users Thread Group 1-33
2026-05-18 07:05:49,217 INFO o.a.j.t.JMeterThread: Thread started: WorkHub Virtual Users Thread Group 1-34
2026-05-18 07:05:49,396 INFO o.a.j.t.JMeterThread: Thread started: WorkHub Virtual Users Thread Group 1-35
2026-05-18 07:05:49,596 INFO o.a.j.t.JMeterThread: Thread started: WorkHub Virtual Users Thread Group 1-36
2026-05-18 07:05:49,934 INFO o.a.j.t.JMeterThread: Thread started: WorkHub Virtual Users Thread Group 1-37
2026-05-18 07:05:50,273 INFO o.a.j.t.JMeterThread: Thread started: WorkHub Virtual Users Thread Group 1-38
2026-05-18 07:05:50,328 INFO o.a.j.t.JMeterThread: Thread started: WorkHub Virtual Users Thread Group 1-39
2026-05-18 07:05:50,429 INFO o.a.j.t.JMeterThread: Thread started: WorkHub Virtual Users Thread Group 1-40
2026-05-18 07:05:50,461 INFO o.a.j.t.JMeterThread: Thread started: WorkHub Virtual Users Thread Group 1-41
2026-05-18 07:05:50,466 INFO o.a.j.t.JMeterThread: Thread started: WorkHub Virtual Users Thread Group 1-42
2026-05-18 07:05:50,576 INFO o.a.j.t.JMeterThread: Thread started: WorkHub Virtual Users Thread Group 1-43
2026-05-18 07:05:50,606 INFO o.a.j.t.JMeterThread: Thread started: WorkHub Virtual Users Thread Group 1-45
2026-05-18 07:05:50,659 INFO o.a.j.t.JMeterThread: Thread started: WorkHub Virtual Users Thread Group 1-44
2026-05-18 07:05:50,706 INFO o.a.j.t.JMeterThread: Thread started: WorkHub Virtual Users Thread Group 1-46
2026-05-18 07:05:50,811 INFO o.a.j.t.JMeterThread: Thread started: WorkHub Virtual Users Thread Group 1-47
2026-05-18 07:05:50,961 INFO o.a.j.t.JMeterThread: Thread started: WorkHub Virtual Users Thread Group 1-48
2026-05-18 07:05:51,006 INFO o.a.j.t.JMeterThread: Thread started: WorkHub Virtual Users Thread Group 1-49
2026-05-18 07:05:51,094 INFO o.a.j.t.JMeterThread: Thread started: WorkHub Virtual Users Thread Group 1-50
2026-05-18 07:05:51,198 INFO o.a.j.t.JMeterThread: Thread started: WorkHub Virtual Users Thread Group 1-51
2026-05-18 07:05:51,311 INFO o.a.j.t.JMeterThread: Thread started: WorkHub Virtual Users Thread Group 1-52
2026-05-18 07:05:51,408 INFO o.a.j.t.JMeterThread: Thread started: WorkHub Virtual Users Thread Group 1-53
2026-05-18 07:05:51,494 INFO o.a.j.t.JMeterThread: Thread started: WorkHub Virtual Users Thread Group 1-54
2026-05-18 07:05:51,593 INFO o.a.j.t.JMeterThread: Thread started: WorkHub Virtual Users Thread Group 1-55
2026-05-18 07:05:51,599 INFO o.a.j.t.JMeterThread: Thread started: WorkHub Virtual Users Thread Group 1-56
2026-05-18 07:05:51,659 INFO o.a.j.t.JMeterThread: Thread started: WorkHub Virtual Users Thread Group 1-58
2026-05-18 07:05:51,756 INFO o.a.j.t.JMeterThread: Thread started: WorkHub Virtual Users Thread Group 1-59
2026-05-18 07:05:51,817 INFO o.a.j.t.JMeterThread: Thread started: WorkHub Virtual Users Thread Group 1-57
2026-05-18 07:05:51,856 INFO o.a.j.t.JMeterThread: Thread started: WorkHub Virtual Users Thread Group 1-60
2026-05-18 07:05:51,958 INFO o.a.j.t.JMeterThread: Thread started: WorkHub Virtual Users Thread Group 1-61
2026-05-18 07:05:52,044 INFO o.a.j.t.JMeterThread: Thread started: WorkHub Virtual Users Thread Group 1-62
2026-05-18 07:05:52,153 INFO o.a.j.t.JMeterThread: Thread started: WorkHub Virtual Users Thread Group 1-63
2026-05-18 07:05:52,252 INFO o.a.j.t.JMeterThread: Thread started: WorkHub Virtual Users Thread Group 1-64
2026-05-18 07:05:52,353 INFO o.a.j.t.JMeterThread: Thread started: WorkHub Virtual Users Thread Group 1-65
2026-05-18 07:05:52,452 INFO o.a.j.t.JMeterThread: Thread started: WorkHub Virtual Users Thread Group 1-66
2026-05-18 07:05:52,551 INFO o.a.j.t.JMeterThread: Thread started: WorkHub Virtual Users Thread Group 1-67
2026-05-18 07:05:52,651 INFO o.a.j.t.JMeterThread: Thread started: WorkHub Virtual Users Thread Group 1-68
2026-05-18 07:05:52,752 INFO o.a.j.t.JMeterThread: Thread started: WorkHub Virtual Users Thread Group 1-69
2026-05-18 07:05:52,851 INFO o.a.j.t.JMeterThread: Thread started: WorkHub Virtual Users Thread Group 1-70
2026-05-18 07:05:52,950 INFO o.a.j.t.JMeterThread: Thread started: WorkHub Virtual Users Thread Group 1-71
2026-05-18 07:05:53,050 INFO o.a.j.t.JMeterThread: Thread started: WorkHub Virtual Users Thread Group 1-72
2026-05-18 07:05:53,162 INFO o.a.j.t.JMeterThread: Thread started: WorkHub Virtual Users Thread Group 1-73
2026-05-18 07:05:53,257 INFO o.a.j.t.JMeterThread: Thread started: WorkHub Virtual Users Thread Group 1-74
2026-05-18 07:05:53,364 INFO o.a.j.t.JMeterThread: Thread started: WorkHub Virtual Users Thread Group 1-75
2026-05-18 07:05:53,458 INFO o.a.j.t.JMeterThread: Thread started: WorkHub Virtual Users Thread Group 1-76
2026-05-18 07:05:53,554 INFO o.a.j.t.JMeterThread: Thread started: WorkHub Virtual Users Thread Group 1-77
2026-05-18 07:05:53,659 INFO o.a.j.t.JMeterThread: Thread started: WorkHub Virtual Users Thread Group 1-78
2026-05-18 07:05:53,765 INFO o.a.j.t.JMeterThread: Thread started: WorkHub Virtual Users Thread Group 1-79
2026-05-18 07:05:53,859 INFO o.a.j.t.JMeterThread: Thread started: WorkHub Virtual Users Thread Group 1-80
2026-05-18 07:05:53,953 INFO o.a.j.t.JMeterThread: Thread started: WorkHub Virtual Users Thread Group 1-81
2026-05-18 07:05:54,060 INFO o.a.j.t.JMeterThread: Thread started: WorkHub Virtual Users Thread Group 1-82
2026-05-18 07:05:54,154 INFO o.a.j.t.JMeterThread: Thread started: WorkHub Virtual Users Thread Group 1-83
2026-05-18 07:05:54,261 INFO o.a.j.t.JMeterThread: Thread started: WorkHub Virtual Users Thread Group 1-84
2026-05-18 07:05:54,358 INFO o.a.j.t.JMeterThread: Thread started: WorkHub Virtual Users Thread Group 1-85
2026-05-18 07:05:54,464 INFO o.a.j.t.JMeterThread: Thread started: WorkHub Virtual Users Thread Group 1-86
2026-05-18 07:05:54,557 INFO o.a.j.t.JMeterThread: Thread started: WorkHub Virtual Users Thread Group 1-87
2026-05-18 07:05:54,652 INFO o.a.j.t.JMeterThread: Thread started: WorkHub Virtual Users Thread Group 1-88
2026-05-18 07:05:54,761 INFO o.a.j.t.JMeterThread: Thread started: WorkHub Virtual Users Thread Group 1-89
2026-05-18 07:05:54,854 INFO o.a.j.t.JMeterThread: Thread started: WorkHub Virtual Users Thread Group 1-90
2026-05-18 07:05:54,964 INFO o.a.j.t.JMeterThread: Thread started: WorkHub Virtual Users Thread Group 1-91
2026-05-18 07:05:55,058 INFO o.a.j.t.JMeterThread: Thread started: WorkHub Virtual Users Thread Group 1-92
2026-05-18 07:05:55,151 INFO o.a.j.t.JMeterThread: Thread started: WorkHub Virtual Users Thread Group 1-93
2026-05-18 07:05:55,244 INFO o.a.j.t.JMeterThread: Thread started: WorkHub Virtual Users Thread Group 1-94
2026-05-18 07:05:55,354 INFO o.a.j.t.JMeterThread: Thread started: WorkHub Virtual Users Thread Group 1-95
2026-05-18 07:05:55,459 INFO o.a.j.t.JMeterThread: Thread started: WorkHub Virtual Users Thread Group 1-96
2026-05-18 07:05:55,554 INFO o.a.j.t.JMeterThread: Thread started: WorkHub Virtual Users Thread Group 1-97
2026-05-18 07:05:55,658 INFO o.a.j.t.JMeterThread: Thread started: WorkHub Virtual Users Thread Group 1-98
2026-05-18 07:05:55,744 INFO o.a.j.t.JMeterThread: Thread started: WorkHub Virtual Users Thread Group 1-99
2026-05-18 07:05:55,837 INFO o.a.j.t.JMeterThread: Thread started: WorkHub Virtual Users Thread Group 1-100
2026-05-18 07:06:32,213 INFO o.a.j.r.Summariser: summary +    287 in 00:00:47 =    6.2/s Avg:  9139 Min:   443 Max: 19453 Err:   136 (47.39%) Active: 100 Started: 100 Finished: 0
2026-05-18 07:06:49,965 INFO o.a.j.t.JMeterThread: Thread is done: WorkHub Virtual Users Thread Group 1-7
2026-05-18 07:06:49,965 INFO o.a.j.t.JMeterThread: Thread finished: WorkHub Virtual Users Thread Group 1-7
2026-05-18 07:06:50,037 INFO o.a.j.t.JMeterThread: Thread is done: WorkHub Virtual Users Thread Group 1-37
2026-05-18 07:06:50,037 INFO o.a.j.t.JMeterThread: Thread finished: WorkHub Virtual Users Thread Group 1-37
2026-05-18 07:06:50,245 INFO o.a.j.t.JMeterThread: Thread is done: WorkHub Virtual Users Thread Group 1-91
2026-05-18 07:06:50,245 INFO o.a.j.t.JMeterThread: Thread finished: WorkHub Virtual Users Thread Group 1-91
2026-05-18 07:06:50,794 INFO o.a.j.t.JMeterThread: Thread is done: WorkHub Virtual Users Thread Group 1-79
2026-05-18 07:06:50,794 INFO o.a.j.t.JMeterThread: Thread finished: WorkHub Virtual Users Thread Group 1-79
2026-05-18 07:06:50,841 INFO o.a.j.t.JMeterThread: Thread is done: WorkHub Virtual Users Thread Group 1-66
2026-05-18 07:06:50,842 INFO o.a.j.t.JMeterThread: Thread finished: WorkHub Virtual Users Thread Group 1-66
2026-05-18 07:06:50,865 INFO o.a.j.t.JMeterThread: Thread is done: WorkHub Virtual Users Thread Group 1-83
2026-05-18 07:06:50,866 INFO o.a.j.t.JMeterThread: Thread finished: WorkHub Virtual Users Thread Group 1-83
2026-05-18 07:06:50,877 INFO o.a.j.t.JMeterThread: Thread is done: WorkHub Virtual Users Thread Group 1-48
2026-05-18 07:06:50,877 INFO o.a.j.t.JMeterThread: Thread finished: WorkHub Virtual Users Thread Group 1-48
2026-05-18 07:06:50,916 INFO o.a.j.t.JMeterThread: Thread is done: WorkHub Virtual Users Thread Group 1-75
2026-05-18 07:06:50,916 INFO o.a.j.t.JMeterThread: Thread finished: WorkHub Virtual Users Thread Group 1-75
2026-05-18 07:06:50,997 INFO o.a.j.t.JMeterThread: Thread is done: WorkHub Virtual Users Thread Group 1-9
2026-05-18 07:06:50,997 INFO o.a.j.t.JMeterThread: Thread finished: WorkHub Virtual Users Thread Group 1-9
2026-05-18 07:06:51,007 INFO o.a.j.t.JMeterThread: Thread is done: WorkHub Virtual Users Thread Group 1-95
2026-05-18 07:06:51,007 INFO o.a.j.t.JMeterThread: Thread finished: WorkHub Virtual Users Thread Group 1-95
2026-05-18 07:06:51,066 INFO o.a.j.t.JMeterThread: Thread is done: WorkHub Virtual Users Thread Group 1-50
2026-05-18 07:06:51,066 INFO o.a.j.t.JMeterThread: Thread finished: WorkHub Virtual Users Thread Group 1-50
2026-05-18 07:06:51,096 INFO o.a.j.t.JMeterThread: Thread is done: WorkHub Virtual Users Thread Group 1-74
2026-05-18 07:06:51,097 INFO o.a.j.t.JMeterThread: Thread finished: WorkHub Virtual Users Thread Group 1-74
2026-05-18 07:06:51,128 INFO o.a.j.t.JMeterThread: Thread is done: WorkHub Virtual Users Thread Group 1-84
2026-05-18 07:06:51,129 INFO o.a.j.t.JMeterThread: Thread finished: WorkHub Virtual Users Thread Group 1-84
2026-05-18 07:06:51,130 INFO o.a.j.t.JMeterThread: Thread is done: WorkHub Virtual Users Thread Group 1-97
2026-05-18 07:06:51,130 INFO o.a.j.t.JMeterThread: Thread finished: WorkHub Virtual Users Thread Group 1-97
2026-05-18 07:06:51,179 INFO o.a.j.t.JMeterThread: Thread is done: WorkHub Virtual Users Thread Group 1-26
2026-05-18 07:06:51,180 INFO o.a.j.t.JMeterThread: Thread finished: WorkHub Virtual Users Thread Group 1-26
2026-05-18 07:06:51,275 INFO o.a.j.t.JMeterThread: Thread is done: WorkHub Virtual Users Thread Group 1-96
2026-05-18 07:06:51,275 INFO o.a.j.t.JMeterThread: Thread finished: WorkHub Virtual Users Thread Group 1-96
2026-05-18 07:06:51,277 INFO o.a.j.t.JMeterThread: Thread is done: WorkHub Virtual Users Thread Group 1-52
2026-05-18 07:06:51,277 INFO o.a.j.t.JMeterThread: Thread finished: WorkHub Virtual Users Thread Group 1-52
2026-05-18 07:06:51,281 INFO o.a.j.t.JMeterThread: Thread is done: WorkHub Virtual Users Thread Group 1-31
2026-05-18 07:06:51,281 INFO o.a.j.t.JMeterThread: Thread finished: WorkHub Virtual Users Thread Group 1-31
2026-05-18 07:06:51,327 INFO o.a.j.t.JMeterThread: Thread is done: WorkHub Virtual Users Thread Group 1-4
2026-05-18 07:06:51,327 INFO o.a.j.t.JMeterThread: Thread finished: WorkHub Virtual Users Thread Group 1-4
2026-05-18 07:06:51,331 INFO o.a.j.t.JMeterThread: Thread is done: WorkHub Virtual Users Thread Group 1-5
2026-05-18 07:06:51,331 INFO o.a.j.t.JMeterThread: Thread finished: WorkHub Virtual Users Thread Group 1-5
2026-05-18 07:06:51,337 INFO o.a.j.t.JMeterThread: Thread is done: WorkHub Virtual Users Thread Group 1-39
2026-05-18 07:06:51,337 INFO o.a.j.t.JMeterThread: Thread finished: WorkHub Virtual Users Thread Group 1-39
2026-05-18 07:06:51,339 INFO o.a.j.t.JMeterThread: Thread is done: WorkHub Virtual Users Thread Group 1-43
2026-05-18 07:06:51,339 INFO o.a.j.t.JMeterThread: Thread finished: WorkHub Virtual Users Thread Group 1-43
2026-05-18 07:06:51,341 INFO o.a.j.t.JMeterThread: Thread is done: WorkHub Virtual Users Thread Group 1-21
2026-05-18 07:06:51,341 INFO o.a.j.t.JMeterThread: Thread finished: WorkHub Virtual Users Thread Group 1-21
2026-05-18 07:06:51,364 INFO o.a.j.t.JMeterThread: Thread is done: WorkHub Virtual Users Thread Group 1-55
2026-05-18 07:06:51,365 INFO o.a.j.t.JMeterThread: Thread finished: WorkHub Virtual Users Thread Group 1-55
2026-05-18 07:06:51,387 INFO o.a.j.t.JMeterThread: Thread is done: WorkHub Virtual Users Thread Group 1-12
2026-05-18 07:06:51,388 INFO o.a.j.t.JMeterThread: Thread finished: WorkHub Virtual Users Thread Group 1-12
2026-05-18 07:06:51,396 INFO o.a.j.t.JMeterThread: Thread is done: WorkHub Virtual Users Thread Group 1-59
2026-05-18 07:06:51,396 INFO o.a.j.t.JMeterThread: Thread finished: WorkHub Virtual Users Thread Group 1-59
2026-05-18 07:06:51,397 INFO o.a.j.t.JMeterThread: Thread is done: WorkHub Virtual Users Thread Group 1-29
2026-05-18 07:06:51,398 INFO o.a.j.t.JMeterThread: Thread finished: WorkHub Virtual Users Thread Group 1-29
2026-05-18 07:06:51,401 INFO o.a.j.t.JMeterThread: Thread is done: WorkHub Virtual Users Thread Group 1-3
2026-05-18 07:06:51,401 INFO o.a.j.t.JMeterThread: Thread finished: WorkHub Virtual Users Thread Group 1-3
2026-05-18 07:06:51,406 INFO o.a.j.t.JMeterThread: Thread is done: WorkHub Virtual Users Thread Group 1-98
2026-05-18 07:06:51,407 INFO o.a.j.t.JMeterThread: Thread finished: WorkHub Virtual Users Thread Group 1-98
2026-05-18 07:06:51,433 INFO o.a.j.t.JMeterThread: Thread is done: WorkHub Virtual Users Thread Group 1-36
2026-05-18 07:06:51,433 INFO o.a.j.t.JMeterThread: Thread finished: WorkHub Virtual Users Thread Group 1-36
2026-05-18 07:06:51,437 INFO o.a.j.t.JMeterThread: Thread is done: WorkHub Virtual Users Thread Group 1-64
2026-05-18 07:06:51,437 INFO o.a.j.t.JMeterThread: Thread finished: WorkHub Virtual Users Thread Group 1-64
2026-05-18 07:06:51,495 INFO o.a.j.t.JMeterThread: Thread is done: WorkHub Virtual Users Thread Group 1-20
2026-05-18 07:06:51,495 INFO o.a.j.t.JMeterThread: Thread finished: WorkHub Virtual Users Thread Group 1-20
2026-05-18 07:06:51,499 INFO o.a.j.t.JMeterThread: Thread is done: WorkHub Virtual Users Thread Group 1-90
2026-05-18 07:06:51,499 INFO o.a.j.t.JMeterThread: Thread finished: WorkHub Virtual Users Thread Group 1-90
2026-05-18 07:06:51,506 INFO o.a.j.t.JMeterThread: Thread is done: WorkHub Virtual Users Thread Group 1-53
2026-05-18 07:06:51,506 INFO o.a.j.t.JMeterThread: Thread finished: WorkHub Virtual Users Thread Group 1-53
2026-05-18 07:06:51,509 INFO o.a.j.t.JMeterThread: Thread is done: WorkHub Virtual Users Thread Group 1-58
2026-05-18 07:06:51,509 INFO o.a.j.t.JMeterThread: Thread is done: WorkHub Virtual Users Thread Group 1-56
2026-05-18 07:06:51,509 INFO o.a.j.t.JMeterThread: Thread finished: WorkHub Virtual Users Thread Group 1-58
2026-05-18 07:06:51,509 INFO o.a.j.t.JMeterThread: Thread finished: WorkHub Virtual Users Thread Group 1-56
2026-05-18 07:06:51,512 INFO o.a.j.t.JMeterThread: Thread is done: WorkHub Virtual Users Thread Group 1-100
2026-05-18 07:06:51,512 INFO o.a.j.t.JMeterThread: Thread finished: WorkHub Virtual Users Thread Group 1-100
2026-05-18 07:06:51,517 INFO o.a.j.t.JMeterThread: Thread is done: WorkHub Virtual Users Thread Group 1-24
2026-05-18 07:06:51,517 INFO o.a.j.t.JMeterThread: Thread finished: WorkHub Virtual Users Thread Group 1-24
2026-05-18 07:06:51,518 INFO o.a.j.t.JMeterThread: Thread is done: WorkHub Virtual Users Thread Group 1-70
2026-05-18 07:06:51,519 INFO o.a.j.t.JMeterThread: Thread finished: WorkHub Virtual Users Thread Group 1-70
2026-05-18 07:06:51,523 INFO o.a.j.t.JMeterThread: Thread is done: WorkHub Virtual Users Thread Group 1-25
2026-05-18 07:06:51,524 INFO o.a.j.t.JMeterThread: Thread finished: WorkHub Virtual Users Thread Group 1-25
2026-05-18 07:06:51,530 INFO o.a.j.t.JMeterThread: Thread is done: WorkHub Virtual Users Thread Group 1-23
2026-05-18 07:06:51,530 INFO o.a.j.t.JMeterThread: Thread finished: WorkHub Virtual Users Thread Group 1-23
2026-05-18 07:06:51,538 INFO o.a.j.t.JMeterThread: Thread is done: WorkHub Virtual Users Thread Group 1-93
2026-05-18 07:06:51,538 INFO o.a.j.t.JMeterThread: Thread is done: WorkHub Virtual Users Thread Group 1-35
2026-05-18 07:06:51,538 INFO o.a.j.t.JMeterThread: Thread finished: WorkHub Virtual Users Thread Group 1-93
2026-05-18 07:06:51,538 INFO o.a.j.t.JMeterThread: Thread finished: WorkHub Virtual Users Thread Group 1-35
2026-05-18 07:06:51,556 INFO o.a.j.t.JMeterThread: Thread is done: WorkHub Virtual Users Thread Group 1-32
2026-05-18 07:06:51,556 INFO o.a.j.t.JMeterThread: Thread finished: WorkHub Virtual Users Thread Group 1-32
2026-05-18 07:06:51,558 INFO o.a.j.t.JMeterThread: Thread is done: WorkHub Virtual Users Thread Group 1-78
2026-05-18 07:06:51,558 INFO o.a.j.t.JMeterThread: Thread finished: WorkHub Virtual Users Thread Group 1-78
2026-05-18 07:06:51,562 INFO o.a.j.t.JMeterThread: Thread is done: WorkHub Virtual Users Thread Group 1-41
2026-05-18 07:06:51,562 INFO o.a.j.t.JMeterThread: Thread finished: WorkHub Virtual Users Thread Group 1-41
2026-05-18 07:06:51,565 INFO o.a.j.t.JMeterThread: Thread is done: WorkHub Virtual Users Thread Group 1-72
2026-05-18 07:06:51,565 INFO o.a.j.t.JMeterThread: Thread finished: WorkHub Virtual Users Thread Group 1-72
2026-05-18 07:06:51,580 INFO o.a.j.t.JMeterThread: Thread is done: WorkHub Virtual Users Thread Group 1-92
2026-05-18 07:06:51,580 INFO o.a.j.t.JMeterThread: Thread finished: WorkHub Virtual Users Thread Group 1-92
2026-05-18 07:06:51,587 INFO o.a.j.t.JMeterThread: Thread is done: WorkHub Virtual Users Thread Group 1-33
2026-05-18 07:06:51,588 INFO o.a.j.t.JMeterThread: Thread finished: WorkHub Virtual Users Thread Group 1-33
2026-05-18 07:06:51,594 INFO o.a.j.t.JMeterThread: Thread is done: WorkHub Virtual Users Thread Group 1-67
2026-05-18 07:06:51,594 INFO o.a.j.t.JMeterThread: Thread finished: WorkHub Virtual Users Thread Group 1-67
2026-05-18 07:06:51,598 INFO o.a.j.t.JMeterThread: Thread is done: WorkHub Virtual Users Thread Group 1-38
2026-05-18 07:06:51,599 INFO o.a.j.t.JMeterThread: Thread finished: WorkHub Virtual Users Thread Group 1-38
2026-05-18 07:06:51,608 INFO o.a.j.t.JMeterThread: Thread is done: WorkHub Virtual Users Thread Group 1-40
2026-05-18 07:06:51,609 INFO o.a.j.t.JMeterThread: Thread finished: WorkHub Virtual Users Thread Group 1-40
2026-05-18 07:06:51,609 INFO o.a.j.t.JMeterThread: Thread is done: WorkHub Virtual Users Thread Group 1-71
2026-05-18 07:06:51,610 INFO o.a.j.t.JMeterThread: Thread finished: WorkHub Virtual Users Thread Group 1-71
2026-05-18 07:06:51,615 INFO o.a.j.t.JMeterThread: Thread is done: WorkHub Virtual Users Thread Group 1-86
2026-05-18 07:06:51,616 INFO o.a.j.t.JMeterThread: Thread finished: WorkHub Virtual Users Thread Group 1-86
2026-05-18 07:06:51,631 INFO o.a.j.t.JMeterThread: Thread is done: WorkHub Virtual Users Thread Group 1-82
2026-05-18 07:06:51,631 INFO o.a.j.t.JMeterThread: Thread finished: WorkHub Virtual Users Thread Group 1-82
2026-05-18 07:06:51,671 INFO o.a.j.t.JMeterThread: Thread is done: WorkHub Virtual Users Thread Group 1-49
2026-05-18 07:06:51,671 INFO o.a.j.t.JMeterThread: Thread finished: WorkHub Virtual Users Thread Group 1-49
2026-05-18 07:06:51,696 INFO o.a.j.t.JMeterThread: Thread is done: WorkHub Virtual Users Thread Group 1-61
2026-05-18 07:06:51,696 INFO o.a.j.t.JMeterThread: Thread finished: WorkHub Virtual Users Thread Group 1-61
2026-05-18 07:06:51,697 INFO o.a.j.t.JMeterThread: Thread is done: WorkHub Virtual Users Thread Group 1-45
2026-05-18 07:06:51,698 INFO o.a.j.t.JMeterThread: Thread finished: WorkHub Virtual Users Thread Group 1-45
2026-05-18 07:06:51,699 INFO o.a.j.t.JMeterThread: Thread is done: WorkHub Virtual Users Thread Group 1-68
2026-05-18 07:06:51,700 INFO o.a.j.t.JMeterThread: Thread finished: WorkHub Virtual Users Thread Group 1-68
2026-05-18 07:06:51,700 INFO o.a.j.t.JMeterThread: Thread is done: WorkHub Virtual Users Thread Group 1-62
2026-05-18 07:06:51,701 INFO o.a.j.t.JMeterThread: Thread finished: WorkHub Virtual Users Thread Group 1-62
2026-05-18 07:06:51,701 INFO o.a.j.t.JMeterThread: Thread is done: WorkHub Virtual Users Thread Group 1-15
2026-05-18 07:06:51,701 INFO o.a.j.t.JMeterThread: Thread finished: WorkHub Virtual Users Thread Group 1-15
2026-05-18 07:06:51,731 INFO o.a.j.t.JMeterThread: Thread is done: WorkHub Virtual Users Thread Group 1-46
2026-05-18 07:06:51,733 INFO o.a.j.t.JMeterThread: Thread finished: WorkHub Virtual Users Thread Group 1-46
2026-05-18 07:06:51,736 INFO o.a.j.t.JMeterThread: Thread is done: WorkHub Virtual Users Thread Group 1-47
2026-05-18 07:06:51,736 INFO o.a.j.t.JMeterThread: Thread finished: WorkHub Virtual Users Thread Group 1-47
2026-05-18 07:06:51,741 INFO o.a.j.t.JMeterThread: Thread is done: WorkHub Virtual Users Thread Group 1-10
2026-05-18 07:06:51,741 INFO o.a.j.t.JMeterThread: Thread finished: WorkHub Virtual Users Thread Group 1-10
2026-05-18 07:06:51,745 INFO o.a.j.t.JMeterThread: Thread is done: WorkHub Virtual Users Thread Group 1-63
2026-05-18 07:06:51,746 INFO o.a.j.t.JMeterThread: Thread finished: WorkHub Virtual Users Thread Group 1-63
2026-05-18 07:06:51,748 INFO o.a.j.t.JMeterThread: Thread is done: WorkHub Virtual Users Thread Group 1-54
2026-05-18 07:06:51,748 INFO o.a.j.t.JMeterThread: Thread finished: WorkHub Virtual Users Thread Group 1-54
2026-05-18 07:06:51,749 INFO o.a.j.t.JMeterThread: Thread is done: WorkHub Virtual Users Thread Group 1-17
2026-05-18 07:06:51,749 INFO o.a.j.t.JMeterThread: Thread is done: WorkHub Virtual Users Thread Group 1-89
2026-05-18 07:06:51,750 INFO o.a.j.t.JMeterThread: Thread finished: WorkHub Virtual Users Thread Group 1-17
2026-05-18 07:06:51,750 INFO o.a.j.t.JMeterThread: Thread finished: WorkHub Virtual Users Thread Group 1-89
2026-05-18 07:06:51,755 INFO o.a.j.t.JMeterThread: Thread is done: WorkHub Virtual Users Thread Group 1-81
2026-05-18 07:06:51,755 INFO o.a.j.t.JMeterThread: Thread finished: WorkHub Virtual Users Thread Group 1-81
2026-05-18 07:06:51,755 INFO o.a.j.t.JMeterThread: Thread is done: WorkHub Virtual Users Thread Group 1-44
2026-05-18 07:06:51,755 INFO o.a.j.t.JMeterThread: Thread finished: WorkHub Virtual Users Thread Group 1-44
2026-05-18 07:06:51,760 INFO o.a.j.t.JMeterThread: Thread is done: WorkHub Virtual Users Thread Group 1-99
2026-05-18 07:06:51,760 INFO o.a.j.t.JMeterThread: Thread finished: WorkHub Virtual Users Thread Group 1-99
2026-05-18 07:06:51,765 INFO o.a.j.t.JMeterThread: Thread is done: WorkHub Virtual Users Thread Group 1-51
2026-05-18 07:06:51,765 INFO o.a.j.t.JMeterThread: Thread finished: WorkHub Virtual Users Thread Group 1-51
2026-05-18 07:06:51,773 INFO o.a.j.t.JMeterThread: Thread is done: WorkHub Virtual Users Thread Group 1-8
2026-05-18 07:06:51,773 INFO o.a.j.t.JMeterThread: Thread finished: WorkHub Virtual Users Thread Group 1-8
2026-05-18 07:06:51,776 INFO o.a.j.t.JMeterThread: Thread is done: WorkHub Virtual Users Thread Group 1-19
2026-05-18 07:06:51,777 INFO o.a.j.t.JMeterThread: Thread finished: WorkHub Virtual Users Thread Group 1-19
2026-05-18 07:06:51,778 INFO o.a.j.t.JMeterThread: Thread is done: WorkHub Virtual Users Thread Group 1-88
2026-05-18 07:06:51,778 INFO o.a.j.t.JMeterThread: Thread finished: WorkHub Virtual Users Thread Group 1-88
2026-05-18 07:06:51,783 INFO o.a.j.t.JMeterThread: Thread is done: WorkHub Virtual Users Thread Group 1-57
2026-05-18 07:06:51,783 INFO o.a.j.t.JMeterThread: Thread finished: WorkHub Virtual Users Thread Group 1-57
2026-05-18 07:06:51,792 INFO o.a.j.t.JMeterThread: Thread is done: WorkHub Virtual Users Thread Group 1-85
2026-05-18 07:06:51,792 INFO o.a.j.t.JMeterThread: Thread finished: WorkHub Virtual Users Thread Group 1-85
2026-05-18 07:06:51,796 INFO o.a.j.t.JMeterThread: Thread is done: WorkHub Virtual Users Thread Group 1-80
2026-05-18 07:06:51,796 INFO o.a.j.t.JMeterThread: Thread finished: WorkHub Virtual Users Thread Group 1-80
2026-05-18 07:06:51,796 INFO o.a.j.t.JMeterThread: Thread is done: WorkHub Virtual Users Thread Group 1-6
2026-05-18 07:06:51,797 INFO o.a.j.t.JMeterThread: Thread finished: WorkHub Virtual Users Thread Group 1-6
2026-05-18 07:06:51,805 INFO o.a.j.t.JMeterThread: Thread is done: WorkHub Virtual Users Thread Group 1-73
2026-05-18 07:06:51,805 INFO o.a.j.t.JMeterThread: Thread finished: WorkHub Virtual Users Thread Group 1-73
2026-05-18 07:06:51,810 INFO o.a.j.t.JMeterThread: Thread is done: WorkHub Virtual Users Thread Group 1-14
2026-05-18 07:06:51,810 INFO o.a.j.t.JMeterThread: Thread is done: WorkHub Virtual Users Thread Group 1-76
2026-05-18 07:06:51,810 INFO o.a.j.t.JMeterThread: Thread finished: WorkHub Virtual Users Thread Group 1-14
2026-05-18 07:06:51,810 INFO o.a.j.t.JMeterThread: Thread finished: WorkHub Virtual Users Thread Group 1-76
2026-05-18 07:06:51,812 INFO o.a.j.t.JMeterThread: Thread is done: WorkHub Virtual Users Thread Group 1-77
2026-05-18 07:06:51,812 INFO o.a.j.t.JMeterThread: Thread finished: WorkHub Virtual Users Thread Group 1-77
2026-05-18 07:06:51,818 INFO o.a.j.t.JMeterThread: Thread is done: WorkHub Virtual Users Thread Group 1-60
2026-05-18 07:06:51,819 INFO o.a.j.t.JMeterThread: Thread finished: WorkHub Virtual Users Thread Group 1-60
2026-05-18 07:06:51,821 INFO o.a.j.t.JMeterThread: Thread is done: WorkHub Virtual Users Thread Group 1-34
2026-05-18 07:06:51,821 INFO o.a.j.t.JMeterThread: Thread finished: WorkHub Virtual Users Thread Group 1-34
2026-05-18 07:06:51,828 INFO o.a.j.t.JMeterThread: Thread is done: WorkHub Virtual Users Thread Group 1-69
2026-05-18 07:06:51,828 INFO o.a.j.t.JMeterThread: Thread finished: WorkHub Virtual Users Thread Group 1-69
2026-05-18 07:06:51,830 INFO o.a.j.t.JMeterThread: Thread is done: WorkHub Virtual Users Thread Group 1-22
2026-05-18 07:06:51,831 INFO o.a.j.t.JMeterThread: Thread finished: WorkHub Virtual Users Thread Group 1-22
2026-05-18 07:06:51,831 INFO o.a.j.t.JMeterThread: Thread is done: WorkHub Virtual Users Thread Group 1-16
2026-05-18 07:06:51,832 INFO o.a.j.t.JMeterThread: Thread finished: WorkHub Virtual Users Thread Group 1-16
2026-05-18 07:06:51,840 INFO o.a.j.t.JMeterThread: Thread is done: WorkHub Virtual Users Thread Group 1-65
2026-05-18 07:06:51,841 INFO o.a.j.t.JMeterThread: Thread finished: WorkHub Virtual Users Thread Group 1-65
2026-05-18 07:06:51,844 INFO o.a.j.t.JMeterThread: Thread is done: WorkHub Virtual Users Thread Group 1-42
2026-05-18 07:06:51,844 INFO o.a.j.t.JMeterThread: Thread finished: WorkHub Virtual Users Thread Group 1-42
2026-05-18 07:06:51,846 INFO o.a.j.t.JMeterThread: Thread is done: WorkHub Virtual Users Thread Group 1-11
2026-05-18 07:06:51,846 INFO o.a.j.t.JMeterThread: Thread finished: WorkHub Virtual Users Thread Group 1-11
2026-05-18 07:06:51,848 INFO o.a.j.t.JMeterThread: Thread is done: WorkHub Virtual Users Thread Group 1-13
2026-05-18 07:06:51,848 INFO o.a.j.t.JMeterThread: Thread is done: WorkHub Virtual Users Thread Group 1-27
2026-05-18 07:06:51,848 INFO o.a.j.t.JMeterThread: Thread finished: WorkHub Virtual Users Thread Group 1-27
2026-05-18 07:06:51,849 INFO o.a.j.t.JMeterThread: Thread is done: WorkHub Virtual Users Thread Group 1-87
2026-05-18 07:06:51,849 INFO o.a.j.t.JMeterThread: Thread finished: WorkHub Virtual Users Thread Group 1-87
2026-05-18 07:06:51,849 INFO o.a.j.t.JMeterThread: Thread is done: WorkHub Virtual Users Thread Group 1-18
2026-05-18 07:06:52,137 INFO o.a.j.t.JMeterThread: Thread finished: WorkHub Virtual Users Thread Group 1-18
2026-05-18 07:06:51,848 INFO o.a.j.t.JMeterThread: Thread finished: WorkHub Virtual Users Thread Group 1-13
2026-05-18 07:06:52,136 INFO o.a.j.t.JMeterThread: Thread is done: WorkHub Virtual Users Thread Group 1-94
2026-05-18 07:06:52,139 INFO o.a.j.t.JMeterThread: Thread is done: WorkHub Virtual Users Thread Group 1-30
2026-05-18 07:06:52,140 INFO o.a.j.t.JMeterThread: Thread finished: WorkHub Virtual Users Thread Group 1-94
2026-05-18 07:06:52,140 INFO o.a.j.t.JMeterThread: Thread finished: WorkHub Virtual Users Thread Group 1-30
2026-05-18 07:06:51,897 INFO o.a.j.t.JMeterThread: Thread is done: WorkHub Virtual Users Thread Group 1-1
2026-05-18 07:06:52,141 INFO o.a.j.t.JMeterThread: Thread finished: WorkHub Virtual Users Thread Group 1-1
2026-05-18 07:06:51,853 INFO o.a.j.t.JMeterThread: Thread is done: WorkHub Virtual Users Thread Group 1-2
2026-05-18 07:06:52,143 INFO o.a.j.t.JMeterThread: Thread finished: WorkHub Virtual Users Thread Group 1-2
2026-05-18 07:06:51,850 INFO o.a.j.t.JMeterThread: Thread is done: WorkHub Virtual Users Thread Group 1-28
2026-05-18 07:06:52,144 INFO o.a.j.t.JMeterThread: Thread finished: WorkHub Virtual Users Thread Group 1-28
2026-05-18 07:06:52,146 INFO o.a.j.e.StandardJMeterEngine: Notifying test listeners of end of test
2026-05-18 07:06:52,147 INFO o.a.j.r.Summariser: summary +    613 in 00:00:20 =   30.6/s Avg:  5553 Min:   144 Max: 30051 Err:   168 (27.41%) Active: 0 Started: 100 Finished: 100
2026-05-18 07:06:52,283 INFO o.a.j.r.Summariser: summary =    900 in 00:01:07 =   13.5/s Avg:  6697 Min:   144 Max: 30051 Err:   304 (33.78%)
2026-05-18 07:06:52,328 INFO o.a.j.JMeter: Generating Dashboard
2026-05-18 07:06:52,333 INFO o.a.j.r.d.ReportGenerator: Flushing result collector before report Generation
2026-05-18 07:06:52,560 INFO o.a.j.r.p.NormalizerSampleConsumer: Using format, 'ms', to parse timeStamp field
2026-05-18 07:06:54,563 INFO o.a.j.r.p.AbstractSampleConsumer: class org.apache.jmeter.report.processor.AggregateConsumer#stopProducing(): beginDate produced 0 samples
2026-05-18 07:06:54,563 INFO o.a.j.r.p.AbstractSampleConsumer: class org.apache.jmeter.report.processor.AggregateConsumer#stopProducing(): endDate produced 0 samples
2026-05-18 07:06:54,609 INFO o.a.j.r.p.AbstractSampleConsumer: class org.apache.jmeter.report.processor.ApdexSummaryConsumer#stopProducing(): apdexSummary produced 0 samples
2026-05-18 07:06:54,609 INFO o.a.j.r.p.AbstractSampleConsumer: class org.apache.jmeter.report.processor.RequestsSummaryConsumer#stopProducing(): requestsSummary produced 0 samples
2026-05-18 07:06:54,694 INFO o.a.j.r.p.AbstractSampleConsumer: class org.apache.jmeter.report.processor.StatisticsSummaryConsumer#stopProducing(): statisticsSummary produced 0 samples
2026-05-18 07:06:54,740 INFO o.a.j.r.p.AbstractSampleConsumer: class org.apache.jmeter.report.processor.Top5ErrorsBySamplerConsumer#stopProducing(): top5ErrorsBySampler produced 0 samples
2026-05-18 07:06:54,741 INFO o.a.j.r.p.AbstractSampleConsumer: class org.apache.jmeter.report.processor.ErrorsSummaryConsumer#stopProducing(): errorsSummary produced 0 samples
2026-05-18 07:06:54,741 INFO o.a.j.r.p.AbstractSampleConsumer: class org.apache.jmeter.report.processor.graph.impl.HitsPerSecondGraphConsumer#stopProducing(): hitsPerSecond produced 0 samples
2026-05-18 07:06:55,325 INFO o.a.j.r.p.AbstractSampleConsumer: class org.apache.jmeter.report.processor.graph.impl.LatencyVSRequestGraphConsumer#stopProducing(): latencyVsRequest produced 0 samples
2026-05-18 07:06:55,364 INFO o.a.j.r.p.AbstractSampleConsumer: class org.apache.jmeter.report.processor.graph.impl.SyntheticResponseTimeDistributionGraphConsumer#stopProducing(): syntheticResponseTimeDistribution produced 0 samples
2026-05-18 07:06:55,381 INFO o.a.j.r.p.AbstractSampleConsumer: class org.apache.jmeter.report.processor.graph.impl.BytesThroughputGraphConsumer#stopProducing(): bytesThroughputOverTime produced 0 samples
2026-05-18 07:06:55,381 INFO o.a.j.r.p.AbstractSampleConsumer: class org.apache.jmeter.report.processor.graph.impl.CodesPerSecondGraphConsumer#stopProducing(): codesPerSecond produced 0 samples
2026-05-18 07:06:56,199 INFO o.a.j.r.p.AbstractSampleConsumer: class org.apache.jmeter.report.processor.graph.impl.ResponseTimeVSRequestGraphConsumer#stopProducing(): responseTimeVsRequest produced 0 samples
2026-05-18 07:06:56,221 INFO o.a.j.r.p.AbstractSampleConsumer: class org.apache.jmeter.report.processor.FilterConsumer#stopProducing(): startIntervalControlerFilter produced 6300 samples
2026-05-18 07:06:56,221 INFO o.a.j.r.p.AbstractSampleConsumer: class org.apache.jmeter.report.processor.graph.impl.TotalTPSGraphConsumer#stopProducing(): totalTPS produced 0 samples
2026-05-18 07:06:56,221 INFO o.a.j.r.p.AbstractSampleConsumer: class org.apache.jmeter.report.processor.graph.impl.ActiveThreadsGraphConsumer#stopProducing(): activeThreadsOverTime produced 0 samples
2026-05-18 07:06:56,223 INFO o.a.j.r.p.AbstractSampleConsumer: class org.apache.jmeter.report.processor.graph.impl.TimeVSThreadGraphConsumer#stopProducing(): timeVsThreads produced 0 samples
2026-05-18 07:06:56,274 INFO o.a.j.r.p.AbstractSampleConsumer: class org.apache.jmeter.report.processor.graph.impl.ResponseTimeDistributionGraphConsumer#stopProducing(): responseTimeDistribution produced 0 samples
2026-05-18 07:06:56,274 INFO o.a.j.r.p.AbstractSampleConsumer: class org.apache.jmeter.report.processor.graph.impl.TransactionsPerSecondGraphConsumer#stopProducing(): transactionsPerSecond produced 0 samples
2026-05-18 07:06:56,278 INFO o.a.j.r.p.AbstractSampleConsumer: class org.apache.jmeter.report.processor.graph.impl.ResponseTimePercentilesGraphConsumer#stopProducing(): responseTimePercentiles produced 0 samples
2026-05-18 07:06:56,318 INFO o.a.j.r.p.AbstractSampleConsumer: class org.apache.jmeter.report.processor.graph.impl.ResponseTimePercentilesOverTimeGraphConsumer#stopProducing(): responseTimePercentilesOverTime produced 0 samples
2026-05-18 07:06:56,331 INFO o.a.j.r.p.AbstractSampleConsumer: class org.apache.jmeter.report.processor.graph.impl.ResponseTimeOverTimeGraphConsumer#stopProducing(): responseTimesOverTime produced 0 samples
2026-05-18 07:06:56,331 INFO o.a.j.r.p.AbstractSampleConsumer: class org.apache.jmeter.report.processor.graph.impl.ConnectTimeOverTimeGraphConsumer#stopProducing(): connectTimeOverTime produced 0 samples
2026-05-18 07:06:56,331 INFO o.a.j.r.p.AbstractSampleConsumer: class org.apache.jmeter.report.processor.graph.impl.LatencyOverTimeGraphConsumer#stopProducing(): latenciesOverTime produced 0 samples
2026-05-18 07:06:56,331 INFO o.a.j.r.p.AbstractSampleConsumer: class org.apache.jmeter.report.processor.FilterConsumer#stopProducing(): nameFilter produced 13500 samples
2026-05-18 07:06:56,331 INFO o.a.j.r.p.AbstractSampleConsumer: class org.apache.jmeter.report.processor.FilterConsumer#stopProducing(): dateRangeFilter produced 2700 samples
2026-05-18 07:06:56,331 INFO o.a.j.r.p.AbstractSampleConsumer: class org.apache.jmeter.report.processor.NormalizerSampleConsumer#stopProducing(): normalizer produced 900 samples
2026-05-18 07:06:56,357 INFO o.a.j.r.p.CsvFileSampleSource: produce(): 900 samples produced in 3s 466 ms on channel 0
2026-05-18 07:06:56,359 INFO o.a.j.r.d.ReportGenerator: Exporting data using exporter:'json' of className:'org.apache.jmeter.report.dashboard.JsonExporter'
2026-05-18 07:06:58,322 INFO o.a.j.r.d.JsonExporter: Found data for consumer statisticsSummary in context
2026-05-18 07:06:58,323 INFO o.a.j.r.d.JsonExporter: Creating statistics for overall
2026-05-18 07:06:58,324 INFO o.a.j.r.d.JsonExporter: Creating statistics for other transactions
2026-05-18 07:06:58,325 INFO o.a.j.r.d.JsonExporter: Checking output folder
2026-05-18 07:06:58,329 INFO o.a.j.r.d.JsonExporter: Writing statistics JSON to D:\BIN\Enterprise Apps\course_project\Enterprise-Project\documents\.\report\statistics.json
2026-05-18 07:06:58,950 INFO o.a.j.r.d.ReportGenerator: Exporting data using exporter:'html' of className:'org.apache.jmeter.report.dashboard.HtmlTemplateExporter'
2026-05-18 07:06:58,990 INFO o.a.j.r.d.HtmlTemplateExporter: Will generate dashboard in folder: D:\BIN\Enterprise Apps\course_project\Enterprise-Project\documents\.\report
2026-05-18 07:07:01,953 INFO o.a.j.r.d.HtmlTemplateExporter: Report will be generated in: D:\BIN\Enterprise Apps\course_project\Enterprise-Project\documents\.\report, creating folder structure
2026-05-18 07:07:01,964 INFO o.a.j.r.d.TemplateVisitor: Copying folder from 'D:\BIN\Software testing\apache-jmeter-5.6.3\apache-jmeter-5.6.3\bin\report-template' to 'D:\BIN\Enterprise Apps\course_project\Enterprise-Project\documents\.\report', got message: D:\BIN\Enterprise Apps\course_project\Enterprise-Project\documents\.\report, found non empty folder with following content [D:\BIN\Enterprise Apps\course_project\Enterprise-Project\documents\.\report\statistics.json], will be ignored
2026-05-18 07:07:31,861 INFO o.a.j.JMeter: Dashboard generated
